<component name="libraryTable">
  <library name="junit-jupiter-api-5.10.2">
    <CLASSES>
      <root url="jar://$PROJECT_DIR$/lib/junit-jupiter-api-5.10.2.jar!/" />
      <root url="jar://$PROJECT_DIR$/lib/junit-platform-commons-1.10.2.jar!/" />
      <root url="jar://$PROJECT_DIR$/lib/junit-platform-engine-1.10.2.jar!/" />
      <root url="jar://$PROJECT_DIR$/lib/mysql-connector-j-8.0.33.jar!/" />
    </CLASSES>
    <JAVADOC />
    <SOURCES />
  </library>
</component>